<?xml version="1.0" encoding="UTF-8"?>
<!-- Generated by org.testng.reporters.JUnitReportReporter -->
<testsuite hostname="IN-9H42M63" failures="0" tests="1" name="Selenium.Test.TestCases.SearchResultPageTest" time="14.418" errors="0" timestamp="2022-09-08T14:47:18 IST" skipped="0">
  <testcase classname="Selenium.Test.TestCases.SearchResultPageTest" name="productAvailabilityTest" time="14.418"/>
  <system-out/>
</testsuite> <!-- Selenium.Test.TestCases.SearchResultPageTest -->
