<?xml version="1.0" encoding="UTF-8"?>
<!-- Generated by org.testng.reporters.JUnitReportReporter -->
<testsuite hostname="IN-9H42M63" failures="0" tests="3" name="Selenium.Test.TestCases.IndexPageTest" time="157.442" errors="0" timestamp="2022-09-19T13:12:46 IST" skipped="0">
  <testcase classname="Selenium.Test.TestCases.IndexPageTest" name="storeTitleTest" time="49.511"/>
  <system-out/>
  <testcase classname="Selenium.Test.TestCases.IndexPageTest" name="storeTitleTest" time="57.024"/>
  <system-out/>
  <testcase classname="Selenium.Test.TestCases.IndexPageTest" name="storeTitleTest" time="50.907"/>
  <system-out/>
</testsuite> <!-- Selenium.Test.TestCases.IndexPageTest -->
